Using pre-set license
Built from '2022.3/staging' branch; Version is '2022.3.47f1 (88c277b85d21) revision 8962679'; Using compiler version '192829333'; Build Type 'Release'
OS: 'Windows 11  (10.0.26100) 64bit Professional' Language: 'ko' Physical Memory: 16262 MB
BatchMode: 1, IsHumanControllingUs: 0, StartBugReporterOnCrash: 0, Is64bit: 1, IsPro: 1

COMMAND LINE ARGUMENTS:
C:\Program Files\Unity\Hub\Editor\2022.3.47f1\Editor\Unity.exe
-adb2
-batchMode
-noUpm
-name
AssetImportWorker1
-projectPath
D:/Unity/3dRenaiSimulationGame/3DRenaiSimulation_Unity
-logFile
Logs/AssetImportWorker1.log
-srvPort
49738
Successfully changed project path to: D:/Unity/3dRenaiSimulationGame/3DRenaiSimulation_Unity
D:/Unity/3dRenaiSimulationGame/3DRenaiSimulation_Unity
[UnityMemory] Configuration Parameters - Can be set up in boot.config
    "memorysetup-bucket-allocator-granularity=16"
    "memorysetup-bucket-allocator-bucket-count=8"
    "memorysetup-bucket-allocator-block-size=33554432"
    "memorysetup-bucket-allocator-block-count=8"
    "memorysetup-main-allocator-block-size=16777216"
    "memorysetup-thread-allocator-block-size=16777216"
    "memorysetup-gfx-main-allocator-block-size=16777216"
    "memorysetup-gfx-thread-allocator-block-size=16777216"
    "memorysetup-cache-allocator-block-size=4194304"
    "memorysetup-typetree-allocator-block-size=2097152"
    "memorysetup-profiler-bucket-allocator-granularity=16"
    "memorysetup-profiler-bucket-allocator-bucket-count=8"
    "memorysetup-profiler-bucket-allocator-block-size=33554432"
    "memorysetup-profiler-bucket-allocator-block-count=8"
    "memorysetup-profiler-allocator-block-size=16777216"
    "memorysetup-profiler-editor-allocator-block-size=1048576"
    "memorysetup-temp-allocator-size-main=16777216"
    "memorysetup-job-temp-allocator-block-size=2097152"
    "memorysetup-job-temp-allocator-block-size-background=1048576"
    "memorysetup-job-temp-allocator-reduction-small-platforms=262144"
    "memorysetup-allocator-temp-initial-block-size-main=262144"
    "memorysetup-allocator-temp-initial-block-size-worker=262144"
    "memorysetup-temp-allocator-size-background-worker=32768"
    "memorysetup-temp-allocator-size-job-worker=262144"
    "memorysetup-temp-allocator-size-preload-manager=33554432"
    "memorysetup-temp-allocator-size-nav-mesh-worker=65536"
    "memorysetup-temp-allocator-size-audio-worker=65536"
    "memorysetup-temp-allocator-size-cloud-worker=32768"
    "memorysetup-temp-allocator-size-gi-baking-worker=262144"
    "memorysetup-temp-allocator-size-gfx=262144"
Player connection [24612]  Target information:

Player connection [24612]  * "[IP] 10.5.0.2 [Port] 0 [Flags] 2 [Guid] 79597056 [EditorId] 79597056 [Version] 1048832 [Id] WindowsEditor(7,ParkSeonWoo) [Debug] 1 [PackageName] WindowsEditor [ProjectName] Editor" 

Player connection [24612]  * "[IP] 192.168.11.3 [Port] 0 [Flags] 2 [Guid] 79597056 [EditorId] 79597056 [Version] 1048832 [Id] WindowsEditor(7,ParkSeonWoo) [Debug] 1 [PackageName] WindowsEditor [ProjectName] Editor" 

Player connection [24612] Host joined multi-casting on [225.0.0.222:54997]...
Player connection [24612] Host joined alternative multi-casting on [225.0.0.222:34997]...
[PhysX] Initialized MultithreadedTaskDispatcher with 8 workers.
Refreshing native plugins compatible for Editor in 31.19 ms, found 3 plugins.
Preloading 0 native plugins for Editor in 0.00 ms.
Initialize engine version: 2022.3.47f1 (88c277b85d21)
[Subsystems] Discovering subsystems at path C:/Program Files/Unity/Hub/Editor/2022.3.47f1/Editor/Data/Resources/UnitySubsystems
[Subsystems] Discovering subsystems at path D:/Unity/3dRenaiSimulationGame/3DRenaiSimulation_Unity/Assets
GfxDevice: creating device client; threaded=0; jobified=0
Direct3D:
    Version:  Direct3D 11.0 [level 11.1]
    Renderer: NVIDIA GeForce GTX 1050 (ID=0x1c8d)
    Vendor:   NVIDIA
    VRAM:     4021 MB
    Driver:   27.21.14.6231
Initialize mono
Mono path[0] = 'C:/Program Files/Unity/Hub/Editor/2022.3.47f1/Editor/Data/Managed'
Mono path[1] = 'C:/Program Files/Unity/Hub/Editor/2022.3.47f1/Editor/Data/MonoBleedingEdge/lib/mono/unityjit-win32'
Mono config path = 'C:/Program Files/Unity/Hub/Editor/2022.3.47f1/Editor/Data/MonoBleedingEdge/etc'
Using monoOptions --debugger-agent=transport=dt_socket,embedding=1,server=y,suspend=n,address=127.0.0.1:56604
Begin MonoManager ReloadAssembly
Registering precompiled unity dll's ...
Register platform support module: C:/Program Files/Unity/Hub/Editor/2022.3.47f1/Editor/Data/PlaybackEngines/WindowsStandaloneSupport/UnityEditor.WindowsStandalone.Extensions.dll
Registered in 0.024198 seconds.
- Loaded All Assemblies, in  0.866 seconds
Native extension for WindowsStandalone target not found
Mono: successfully reloaded assembly
- Finished resetting the current domain, in  0.517 seconds
Domain Reload Profiling: 1376ms
	BeginReloadAssembly (369ms)
		ExecutionOrderSort (0ms)
		DisableScriptedObjects (0ms)
		BackupInstance (0ms)
		ReleaseScriptingObjects (0ms)
		CreateAndSetChildDomain (2ms)
	RebuildCommonClasses (84ms)
	RebuildNativeTypeToScriptingClass (14ms)
	initialDomainReloadingComplete (123ms)
	LoadAllAssembliesAndSetupDomain (269ms)
		LoadAssemblies (360ms)
		RebuildTransferFunctionScriptingTraits (0ms)
		AnalyzeDomain (264ms)
			TypeCache.Refresh (262ms)
				TypeCache.ScanAssembly (239ms)
			ScanForSourceGeneratedMonoScriptInfo (0ms)
			ResolveRequiredComponents (1ms)
	FinalizeReload (518ms)
		ReleaseScriptCaches (0ms)
		RebuildScriptCaches (0ms)
		SetupLoadedEditorAssemblies (443ms)
			LogAssemblyErrors (0ms)
			InitializePlatformSupportModulesInManaged (46ms)
			SetLoadedEditorAssemblies (12ms)
			RefreshPlugins (0ms)
			BeforeProcessingInitializeOnLoad (4ms)
			ProcessInitializeOnLoadAttributes (272ms)
			ProcessInitializeOnLoadMethodAttributes (110ms)
			AfterProcessingInitializeOnLoad (0ms)
			EditorAssembliesLoaded (0ms)
		ExecutionOrderSort2 (0ms)
		AwakeInstancesAfterBackupRestoration (0ms)
========================================================================
Worker process is ready to serve import requests
Caller must complete domain reload
Begin MonoManager ReloadAssembly
- Loaded All Assemblies, in  2.367 seconds
Native extension for WindowsStandalone target not found
Package Manager log level set to [2]
[Package Manager] Server::EnsureServerProcessIsRunning -- launch failed, reason: Unity was launched with the -noUpm command-line argument
[Package Manager] UpmClient::Send -- Unable to send message (not connected to UPM process).
[Package Manager] Cannot connect to Unity Package Manager local server
Mono: successfully reloaded assembly
- Finished resetting the current domain, in  3.870 seconds
Domain Reload Profiling: 6224ms
	BeginReloadAssembly (380ms)
		ExecutionOrderSort (0ms)
		DisableScriptedObjects (12ms)
		BackupInstance (0ms)
		ReleaseScriptingObjects (0ms)
		CreateAndSetChildDomain (44ms)
	RebuildCommonClasses (102ms)
	RebuildNativeTypeToScriptingClass (23ms)
	initialDomainReloadingComplete (121ms)
	LoadAllAssembliesAndSetupDomain (1727ms)
		LoadAssemblies (1257ms)
		RebuildTransferFunctionScriptingTraits (0ms)
		AnalyzeDomain (718ms)
			TypeCache.Refresh (614ms)
				TypeCache.ScanAssembly (575ms)
			ScanForSourceGeneratedMonoScriptInfo (70ms)
			ResolveRequiredComponents (28ms)
	FinalizeReload (3871ms)
		ReleaseScriptCaches (0ms)
		RebuildScriptCaches (0ms)
		SetupLoadedEditorAssemblies (3021ms)
			LogAssemblyErrors (0ms)
			InitializePlatformSupportModulesInManaged (35ms)
			SetLoadedEditorAssemblies (11ms)
			RefreshPlugins (0ms)
			BeforeProcessingInitializeOnLoad (316ms)
			ProcessInitializeOnLoadAttributes (1548ms)
			ProcessInitializeOnLoadMethodAttributes (1045ms)
			AfterProcessingInitializeOnLoad (66ms)
			EditorAssembliesLoaded (1ms)
		ExecutionOrderSort2 (0ms)
		AwakeInstancesAfterBackupRestoration (62ms)
Launched and connected shader compiler UnityShaderCompiler.exe after 0.12 seconds
Refreshing native plugins compatible for Editor in 13.08 ms, found 3 plugins.
Preloading 0 native plugins for Editor in 0.00 ms.
Unloading 6402 Unused Serialized files (Serialized files now loaded: 0)
Unloading 83 unused Assets / (13.8 MB). Loaded Objects now: 6831.
Memory consumption went from 283.7 MB to 269.9 MB.
Total: 48.501300 ms (FindLiveObjects: 12.161500 ms CreateObjectMapping: 1.343900 ms MarkObjects: 13.403800 ms  DeleteObjects: 21.591000 ms)

AssetImportParameters requested are different than current active one (requested -> active):
  custom:container-demuxer-ogg: 62fdf1f143b41e24485cea50d1cbac27 -> 
  custom:framework-win-MediaFoundation: 216162199b28c13a410421893ffa2e32 -> 
  custom:container-muxer-webm: aa71ff27fc2769a1b78a27578f13a17b -> 
  custom:video-decoder-webm-vp8: 9c59270c3fd7afecdb556c50c9e8de78 -> 
  custom:SearchIndexIgnoredProperties: e643bd26f0fe6173181afceb89e7c659 -> 
  custom:AudioImporter_EditorPlatform: d09bf68614088b80899f8185d706f6e7 -> 
  custom:audio-decoder-ogg-vorbis: bf7c407c2cedff20999df2af8eb42d56 -> 
  custom:audio-encoder-webm-vorbis: bf7c407c2cedff20999df2af8eb42d56 -> 
  custom:video-decoder-ogg-theora: a1e56fd34408186e4bbccfd4996cb3dc -> 
  custom:CustomObjectIndexerAttribute: 72b91833f83ae208fae7752999fa3104 -> 
  custom:container-demuxer-webm: 4f35f7cbe854078d1ac9338744f61a02 -> 
  custom:video-encoder-webm-vp8: eb34c28f22e8b96e1ab97ce403110664 -> 
========================================================================
Received Prepare
Caller must complete domain reload
Begin MonoManager ReloadAssembly
- Loaded All Assemblies, in  0.987 seconds
Native extension for WindowsStandalone target not found
[Package Manager] Server::EnsureServerProcessIsRunning -- launch failed, reason: Unity was launched with the -noUpm command-line argument
[Package Manager] UpmClient::Send -- Unable to send message (not connected to UPM process).
[Package Manager] Cannot connect to Unity Package Manager local server
Mono: successfully reloaded assembly
- Finished resetting the current domain, in  2.413 seconds
Domain Reload Profiling: 3390ms
	BeginReloadAssembly (297ms)
		ExecutionOrderSort (0ms)
		DisableScriptedObjects (10ms)
		BackupInstance (0ms)
		ReleaseScriptingObjects (0ms)
		CreateAndSetChildDomain (67ms)
	RebuildCommonClasses (56ms)
	RebuildNativeTypeToScriptingClass (15ms)
	initialDomainReloadingComplete (60ms)
	LoadAllAssembliesAndSetupDomain (548ms)
		LoadAssemblies (654ms)
		RebuildTransferFunctionScriptingTraits (0ms)
		AnalyzeDomain (63ms)
			TypeCache.Refresh (13ms)
				TypeCache.ScanAssembly (0ms)
			ScanForSourceGeneratedMonoScriptInfo (32ms)
			ResolveRequiredComponents (15ms)
	FinalizeReload (2414ms)
		ReleaseScriptCaches (0ms)
		RebuildScriptCaches (0ms)
		SetupLoadedEditorAssemblies (909ms)
			LogAssemblyErrors (0ms)
			InitializePlatformSupportModulesInManaged (14ms)
			SetLoadedEditorAssemblies (7ms)
			RefreshPlugins (0ms)
			BeforeProcessingInitializeOnLoad (149ms)
			ProcessInitializeOnLoadAttributes (620ms)
			ProcessInitializeOnLoadMethodAttributes (92ms)
			AfterProcessingInitializeOnLoad (27ms)
			EditorAssembliesLoaded (0ms)
		ExecutionOrderSort2 (0ms)
		AwakeInstancesAfterBackupRestoration (28ms)
Refreshing native plugins compatible for Editor in 7.46 ms, found 3 plugins.
Preloading 0 native plugins for Editor in 0.00 ms.
Unloading 6224 Unused Serialized files (Serialized files now loaded: 0)
Unloading 63 unused Assets / (13.9 MB). Loaded Objects now: 6849.
Memory consumption went from 251.6 MB to 237.7 MB.
Total: 9.565400 ms (FindLiveObjects: 0.467500 ms CreateObjectMapping: 0.534300 ms MarkObjects: 3.264700 ms  DeleteObjects: 5.298200 ms)

Prepare: number of updated asset objects reloaded= 0
AssetImportParameters requested are different than current active one (requested -> active):
  custom:container-demuxer-ogg: 62fdf1f143b41e24485cea50d1cbac27 -> 
  custom:framework-win-MediaFoundation: 216162199b28c13a410421893ffa2e32 -> 
  custom:container-muxer-webm: aa71ff27fc2769a1b78a27578f13a17b -> 
  custom:video-decoder-webm-vp8: 9c59270c3fd7afecdb556c50c9e8de78 -> 
  custom:SearchIndexIgnoredProperties: e643bd26f0fe6173181afceb89e7c659 -> 
  custom:AudioImporter_EditorPlatform: d09bf68614088b80899f8185d706f6e7 -> 
  custom:audio-decoder-ogg-vorbis: bf7c407c2cedff20999df2af8eb42d56 -> 
  custom:audio-encoder-webm-vorbis: bf7c407c2cedff20999df2af8eb42d56 -> 
  custom:video-decoder-ogg-theora: a1e56fd34408186e4bbccfd4996cb3dc -> 
  custom:CustomObjectIndexerAttribute: 72b91833f83ae208fae7752999fa3104 -> 
  custom:container-demuxer-webm: 4f35f7cbe854078d1ac9338744f61a02 -> 
  custom:video-encoder-webm-vp8: eb34c28f22e8b96e1ab97ce403110664 -> 
========================================================================
Received Prepare
Caller must complete domain reload
Begin MonoManager ReloadAssembly
- Loaded All Assemblies, in  1.022 seconds
Native extension for WindowsStandalone target not found
[Package Manager] Server::EnsureServerProcessIsRunning -- launch failed, reason: Unity was launched with the -noUpm command-line argument
[Package Manager] UpmClient::Send -- Unable to send message (not connected to UPM process).
[Package Manager] Cannot connect to Unity Package Manager local server
Mono: successfully reloaded assembly
- Finished resetting the current domain, in  3.144 seconds
Domain Reload Profiling: 4155ms
	BeginReloadAssembly (296ms)
		ExecutionOrderSort (0ms)
		DisableScriptedObjects (5ms)
		BackupInstance (0ms)
		ReleaseScriptingObjects (0ms)
		CreateAndSetChildDomain (54ms)
	RebuildCommonClasses (58ms)
	RebuildNativeTypeToScriptingClass (16ms)
	initialDomainReloadingComplete (63ms)
	LoadAllAssembliesAndSetupDomain (578ms)
		LoadAssemblies (727ms)
		RebuildTransferFunctionScriptingTraits (0ms)
		AnalyzeDomain (38ms)
			TypeCache.Refresh (9ms)
				TypeCache.ScanAssembly (0ms)
			ScanForSourceGeneratedMonoScriptInfo (0ms)
			ResolveRequiredComponents (25ms)
	FinalizeReload (3144ms)
		ReleaseScriptCaches (0ms)
		RebuildScriptCaches (0ms)
		SetupLoadedEditorAssemblies (1209ms)
			LogAssemblyErrors (0ms)
			InitializePlatformSupportModulesInManaged (21ms)
			SetLoadedEditorAssemblies (12ms)
			RefreshPlugins (0ms)
			BeforeProcessingInitializeOnLoad (256ms)
			ProcessInitializeOnLoadAttributes (749ms)
			ProcessInitializeOnLoadMethodAttributes (136ms)
			AfterProcessingInitializeOnLoad (34ms)
			EditorAssembliesLoaded (0ms)
		ExecutionOrderSort2 (0ms)
		AwakeInstancesAfterBackupRestoration (36ms)
Refreshing native plugins compatible for Editor in 7.84 ms, found 3 plugins.
Preloading 0 native plugins for Editor in 0.00 ms.
Unloading 6224 Unused Serialized files (Serialized files now loaded: 0)
Unloading 63 unused Assets / (13.9 MB). Loaded Objects now: 6867.
Memory consumption went from 251.7 MB to 237.7 MB.
Total: 12.367100 ms (FindLiveObjects: 0.895900 ms CreateObjectMapping: 0.738000 ms MarkObjects: 4.281500 ms  DeleteObjects: 6.450800 ms)

Prepare: number of updated asset objects reloaded= 0
AssetImportParameters requested are different than current active one (requested -> active):
  custom:container-demuxer-ogg: 62fdf1f143b41e24485cea50d1cbac27 -> 
  custom:framework-win-MediaFoundation: 216162199b28c13a410421893ffa2e32 -> 
  custom:container-muxer-webm: aa71ff27fc2769a1b78a27578f13a17b -> 
  custom:video-decoder-webm-vp8: 9c59270c3fd7afecdb556c50c9e8de78 -> 
  custom:SearchIndexIgnoredProperties: e643bd26f0fe6173181afceb89e7c659 -> 
  custom:AudioImporter_EditorPlatform: d09bf68614088b80899f8185d706f6e7 -> 
  custom:audio-decoder-ogg-vorbis: bf7c407c2cedff20999df2af8eb42d56 -> 
  custom:audio-encoder-webm-vorbis: bf7c407c2cedff20999df2af8eb42d56 -> 
  custom:video-decoder-ogg-theora: a1e56fd34408186e4bbccfd4996cb3dc -> 
  custom:CustomObjectIndexerAttribute: 72b91833f83ae208fae7752999fa3104 -> 
  custom:container-demuxer-webm: 4f35f7cbe854078d1ac9338744f61a02 -> 
  custom:video-encoder-webm-vp8: eb34c28f22e8b96e1ab97ce403110664 -> 
========================================================================
Received Prepare
Caller must complete domain reload
Begin MonoManager ReloadAssembly
- Loaded All Assemblies, in  1.046 seconds
Native extension for WindowsStandalone target not found
[Package Manager] Server::EnsureServerProcessIsRunning -- launch failed, reason: Unity was launched with the -noUpm command-line argument
[Package Manager] UpmClient::Send -- Unable to send message (not connected to UPM process).
[Package Manager] Cannot connect to Unity Package Manager local server
Mono: successfully reloaded assembly
- Finished resetting the current domain, in  3.072 seconds
Domain Reload Profiling: 4107ms
	BeginReloadAssembly (316ms)
		ExecutionOrderSort (0ms)
		DisableScriptedObjects (5ms)
		BackupInstance (0ms)
		ReleaseScriptingObjects (0ms)
		CreateAndSetChildDomain (60ms)
	RebuildCommonClasses (59ms)
	RebuildNativeTypeToScriptingClass (22ms)
	initialDomainReloadingComplete (73ms)
	LoadAllAssembliesAndSetupDomain (564ms)
		LoadAssemblies (728ms)
		RebuildTransferFunctionScriptingTraits (0ms)
		AnalyzeDomain (39ms)
			TypeCache.Refresh (12ms)
				TypeCache.ScanAssembly (0ms)
			ScanForSourceGeneratedMonoScriptInfo (0ms)
			ResolveRequiredComponents (22ms)
	FinalizeReload (3072ms)
		ReleaseScriptCaches (0ms)
		RebuildScriptCaches (0ms)
		SetupLoadedEditorAssemblies (1012ms)
			LogAssemblyErrors (0ms)
			InitializePlatformSupportModulesInManaged (26ms)
			SetLoadedEditorAssemblies (11ms)
			RefreshPlugins (0ms)
			BeforeProcessingInitializeOnLoad (210ms)
			ProcessInitializeOnLoadAttributes (605ms)
			ProcessInitializeOnLoadMethodAttributes (121ms)
			AfterProcessingInitializeOnLoad (38ms)
			EditorAssembliesLoaded (0ms)
		ExecutionOrderSort2 (0ms)
		AwakeInstancesAfterBackupRestoration (36ms)
Refreshing native plugins compatible for Editor in 7.88 ms, found 3 plugins.
Preloading 0 native plugins for Editor in 0.00 ms.
Unloading 6224 Unused Serialized files (Serialized files now loaded: 0)
Unloading 63 unused Assets / (13.8 MB). Loaded Objects now: 6885.
Memory consumption went from 251.6 MB to 237.8 MB.
Total: 19.452800 ms (FindLiveObjects: 0.957900 ms CreateObjectMapping: 1.190600 ms MarkObjects: 7.742200 ms  DeleteObjects: 9.560600 ms)

Prepare: number of updated asset objects reloaded= 0
AssetImportParameters requested are different than current active one (requested -> active):
  custom:container-demuxer-ogg: 62fdf1f143b41e24485cea50d1cbac27 -> 
  custom:framework-win-MediaFoundation: 216162199b28c13a410421893ffa2e32 -> 
  custom:container-muxer-webm: aa71ff27fc2769a1b78a27578f13a17b -> 
  custom:video-decoder-webm-vp8: 9c59270c3fd7afecdb556c50c9e8de78 -> 
  custom:SearchIndexIgnoredProperties: e643bd26f0fe6173181afceb89e7c659 -> 
  custom:AudioImporter_EditorPlatform: d09bf68614088b80899f8185d706f6e7 -> 
  custom:audio-decoder-ogg-vorbis: bf7c407c2cedff20999df2af8eb42d56 -> 
  custom:audio-encoder-webm-vorbis: bf7c407c2cedff20999df2af8eb42d56 -> 
  custom:video-decoder-ogg-theora: a1e56fd34408186e4bbccfd4996cb3dc -> 
  custom:CustomObjectIndexerAttribute: 72b91833f83ae208fae7752999fa3104 -> 
  custom:container-demuxer-webm: 4f35f7cbe854078d1ac9338744f61a02 -> 
  custom:video-encoder-webm-vp8: eb34c28f22e8b96e1ab97ce403110664 -> 
========================================================================
Received Prepare
Caller must complete domain reload
Begin MonoManager ReloadAssembly
- Loaded All Assemblies, in  1.002 seconds
Native extension for WindowsStandalone target not found
[Package Manager] Server::EnsureServerProcessIsRunning -- launch failed, reason: Unity was launched with the -noUpm command-line argument
[Package Manager] UpmClient::Send -- Unable to send message (not connected to UPM process).
[Package Manager] Cannot connect to Unity Package Manager local server
Mono: successfully reloaded assembly
- Finished resetting the current domain, in  3.456 seconds
Domain Reload Profiling: 4444ms
	BeginReloadAssembly (292ms)
		ExecutionOrderSort (0ms)
		DisableScriptedObjects (5ms)
		BackupInstance (0ms)
		ReleaseScriptingObjects (0ms)
		CreateAndSetChildDomain (47ms)
	RebuildCommonClasses (71ms)
	RebuildNativeTypeToScriptingClass (16ms)
	initialDomainReloadingComplete (72ms)
	LoadAllAssembliesAndSetupDomain (535ms)
		LoadAssemblies (687ms)
		RebuildTransferFunctionScriptingTraits (0ms)
		AnalyzeDomain (34ms)
			TypeCache.Refresh (8ms)
				TypeCache.ScanAssembly (0ms)
			ScanForSourceGeneratedMonoScriptInfo (0ms)
			ResolveRequiredComponents (21ms)
	FinalizeReload (3457ms)
		ReleaseScriptCaches (0ms)
		RebuildScriptCaches (0ms)
		SetupLoadedEditorAssemblies (1332ms)
			LogAssemblyErrors (0ms)
			InitializePlatformSupportModulesInManaged (20ms)
			SetLoadedEditorAssemblies (10ms)
			RefreshPlugins (0ms)
			BeforeProcessingInitializeOnLoad (212ms)
			ProcessInitializeOnLoadAttributes (855ms)
			ProcessInitializeOnLoadMethodAttributes (195ms)
			AfterProcessingInitializeOnLoad (40ms)
			EditorAssembliesLoaded (0ms)
		ExecutionOrderSort2 (0ms)
		AwakeInstancesAfterBackupRestoration (40ms)
Refreshing native plugins compatible for Editor in 8.57 ms, found 3 plugins.
Preloading 0 native plugins for Editor in 0.00 ms.
Unloading 6224 Unused Serialized files (Serialized files now loaded: 0)
Unloading 63 unused Assets / (13.8 MB). Loaded Objects now: 6903.
Memory consumption went from 251.5 MB to 237.8 MB.
Total: 16.402700 ms (FindLiveObjects: 1.910100 ms CreateObjectMapping: 0.990300 ms MarkObjects: 6.084600 ms  DeleteObjects: 7.415800 ms)

Prepare: number of updated asset objects reloaded= 0
AssetImportParameters requested are different than current active one (requested -> active):
  custom:container-demuxer-ogg: 62fdf1f143b41e24485cea50d1cbac27 -> 
  custom:framework-win-MediaFoundation: 216162199b28c13a410421893ffa2e32 -> 
  custom:container-muxer-webm: aa71ff27fc2769a1b78a27578f13a17b -> 
  custom:video-decoder-webm-vp8: 9c59270c3fd7afecdb556c50c9e8de78 -> 
  custom:SearchIndexIgnoredProperties: e643bd26f0fe6173181afceb89e7c659 -> 
  custom:AudioImporter_EditorPlatform: d09bf68614088b80899f8185d706f6e7 -> 
  custom:audio-decoder-ogg-vorbis: bf7c407c2cedff20999df2af8eb42d56 -> 
  custom:audio-encoder-webm-vorbis: bf7c407c2cedff20999df2af8eb42d56 -> 
  custom:video-decoder-ogg-theora: a1e56fd34408186e4bbccfd4996cb3dc -> 
  custom:CustomObjectIndexerAttribute: 72b91833f83ae208fae7752999fa3104 -> 
  custom:container-demuxer-webm: 4f35f7cbe854078d1ac9338744f61a02 -> 
  custom:video-encoder-webm-vp8: eb34c28f22e8b96e1ab97ce403110664 -> 
========================================================================
Received Import Request.
  Time since last request: 5483.549758 seconds.
  path: Assets/UniGLTF/Tests/Objects/4x4_gray_import_as_normal_map.png
  artifactKey: Guid(b5d17df8d14f2324692a7c69f24cf658) Importer(815301076,1909f56bfc062723c751e8b465ee728b)
Start importing Assets/UniGLTF/Tests/Objects/4x4_gray_import_as_normal_map.png using Guid(b5d17df8d14f2324692a7c69f24cf658) Importer(815301076,1909f56bfc062723c751e8b465ee728b) [PhysX] Initialized MultithreadedTaskDispatcher with 8 workers.
[PhysX] Initialized MultithreadedTaskDispatcher with 8 workers.
 -> (artifact id: '54029e8c5a75db90f92d70e0078b6e97') in 0.142135 seconds
Number of updated asset objects reloaded before import = 0
Number of asset objects unloaded after import = 2
========================================================================
Received Import Request.
  Time since last request: 0.000049 seconds.
  path: Assets/05.Model/Jinwon_SkinVer.Textures/_03.png
  artifactKey: Guid(f33d4371508b55d4793d308a6271e999) Importer(815301076,1909f56bfc062723c751e8b465ee728b)
Start importing Assets/05.Model/Jinwon_SkinVer.Textures/_03.png using Guid(f33d4371508b55d4793d308a6271e999) Importer(815301076,1909f56bfc062723c751e8b465ee728b) [PhysX] Initialized MultithreadedTaskDispatcher with 8 workers.
[PhysX] Initialized MultithreadedTaskDispatcher with 8 workers.
 -> (artifact id: 'e45bd52ff00087d5fc27813a6b904868') in 0.020394 seconds
Number of updated asset objects reloaded before import = 0
Number of asset objects unloaded after import = 2
========================================================================
Received Import Request.
  Time since last request: 0.000036 seconds.
  path: Assets/UniGLTF/Tests/Objects/4x4_non_readable.png
  artifactKey: Guid(82e462ede66d6d0488b5be50747cbad9) Importer(815301076,1909f56bfc062723c751e8b465ee728b)
Start importing Assets/UniGLTF/Tests/Objects/4x4_non_readable.png using Guid(82e462ede66d6d0488b5be50747cbad9) Importer(815301076,1909f56bfc062723c751e8b465ee728b) [PhysX] Initialized MultithreadedTaskDispatcher with 8 workers.
[PhysX] Initialized MultithreadedTaskDispatcher with 8 workers.
 -> (artifact id: '9e174be9d4483b919be3d6149e078b36') in 0.021056 seconds
Number of updated asset objects reloaded before import = 0
Number of asset objects unloaded after import = 2
========================================================================
Received Import Request.
  Time since last request: 0.809486 seconds.
  path: Assets/05.Model/Jinwon_SkinVer.Textures/_05.png
  artifactKey: Guid(dc91e2b65d8ec02409e0e231da40ae15) Importer(815301076,1909f56bfc062723c751e8b465ee728b)
Start importing Assets/05.Model/Jinwon_SkinVer.Textures/_05.png using Guid(dc91e2b65d8ec02409e0e231da40ae15) Importer(815301076,1909f56bfc062723c751e8b465ee728b) [PhysX] Initialized MultithreadedTaskDispatcher with 8 workers.
[PhysX] Initialized MultithreadedTaskDispatcher with 8 workers.
 -> (artifact id: '97d9f1ed556b4f96aa6e0bc23fd8ef26') in 0.023221 seconds
Number of updated asset objects reloaded before import = 0
Number of asset objects unloaded after import = 2
========================================================================
Received Import Request.
  Time since last request: 0.090269 seconds.
  path: Assets/05.Model/Jinwon_SkinVer.Textures/_06.png
  artifactKey: Guid(df70be7a06b337849b4ad025b103b658) Importer(815301076,1909f56bfc062723c751e8b465ee728b)
Start importing Assets/05.Model/Jinwon_SkinVer.Textures/_06.png using Guid(df70be7a06b337849b4ad025b103b658) Importer(815301076,1909f56bfc062723c751e8b465ee728b) [PhysX] Initialized MultithreadedTaskDispatcher with 8 workers.
[PhysX] Initialized MultithreadedTaskDispatcher with 8 workers.
 -> (artifact id: '9885ba7f5d0d56c54c908807213f91b5') in 0.019475 seconds
Number of updated asset objects reloaded before import = 0
Number of asset objects unloaded after import = 2
========================================================================
Received Import Request.
  Time since last request: 0.000023 seconds.
  path: Assets/05.Model/Jinwon_SkinVer.Textures/_07.png
  artifactKey: Guid(51abb5bfc718f634d9e3035177470835) Importer(815301076,1909f56bfc062723c751e8b465ee728b)
Start importing Assets/05.Model/Jinwon_SkinVer.Textures/_07.png using Guid(51abb5bfc718f634d9e3035177470835) Importer(815301076,1909f56bfc062723c751e8b465ee728b) [PhysX] Initialized MultithreadedTaskDispatcher with 8 workers.
[PhysX] Initialized MultithreadedTaskDispatcher with 8 workers.
 -> (artifact id: '594bf225e575f98c6dec7c1b0e1af2b3') in 0.018246 seconds
Number of updated asset objects reloaded before import = 0
Number of asset objects unloaded after import = 2
========================================================================
Received Import Request.
  Time since last request: 0.886434 seconds.
  path: Assets/05.Model/Jinwon_SkinVer.Textures/_12.png
  artifactKey: Guid(7f00252d3d271b54d9200086222b4ad6) Importer(815301076,1909f56bfc062723c751e8b465ee728b)
Start importing Assets/05.Model/Jinwon_SkinVer.Textures/_12.png using Guid(7f00252d3d271b54d9200086222b4ad6) Importer(815301076,1909f56bfc062723c751e8b465ee728b) [PhysX] Initialized MultithreadedTaskDispatcher with 8 workers.
[PhysX] Initialized MultithreadedTaskDispatcher with 8 workers.
 -> (artifact id: 'dbe337b7c1eddb00620bee1ab1f1f3f9') in 0.038662 seconds
Number of updated asset objects reloaded before import = 0
Number of asset objects unloaded after import = 2
========================================================================
Received Import Request.
  Time since last request: 0.000017 seconds.
  path: Assets/05.Model/Jinwon_SkinVer.Textures/_13.png
  artifactKey: Guid(9d0724207b2da5a4ab7cca04c7d8545b) Importer(815301076,1909f56bfc062723c751e8b465ee728b)
Start importing Assets/05.Model/Jinwon_SkinVer.Textures/_13.png using Guid(9d0724207b2da5a4ab7cca04c7d8545b) Importer(815301076,1909f56bfc062723c751e8b465ee728b) [PhysX] Initialized MultithreadedTaskDispatcher with 8 workers.
[PhysX] Initialized MultithreadedTaskDispatcher with 8 workers.
 -> (artifact id: '114f3204b87a15327319665c6e77e321') in 0.022789 seconds
Number of updated asset objects reloaded before import = 0
Number of asset objects unloaded after import = 2
========================================================================
Received Import Request.
  Time since last request: 0.000026 seconds.
  path: Assets/05.Model/Jinwon_SkinVer.Textures/_14.png
  artifactKey: Guid(0f0b0b45f01390f429aa4af4fa0af87e) Importer(815301076,1909f56bfc062723c751e8b465ee728b)
Start importing Assets/05.Model/Jinwon_SkinVer.Textures/_14.png using Guid(0f0b0b45f01390f429aa4af4fa0af87e) Importer(815301076,1909f56bfc062723c751e8b465ee728b) [PhysX] Initialized MultithreadedTaskDispatcher with 8 workers.
[PhysX] Initialized MultithreadedTaskDispatcher with 8 workers.
 -> (artifact id: '688b34692922a81dd1469ce83bba4bf8') in 0.021786 seconds
Number of updated asset objects reloaded before import = 0
Number of asset objects unloaded after import = 2
========================================================================
Received Import Request.
  Time since last request: 0.031426 seconds.
  path: Assets/05.Model/Jinwon_SkinVer.Textures/_18.png
  artifactKey: Guid(c4acf083d907da64ca9b3098cf7b583d) Importer(815301076,1909f56bfc062723c751e8b465ee728b)
Start importing Assets/05.Model/Jinwon_SkinVer.Textures/_18.png using Guid(c4acf083d907da64ca9b3098cf7b583d) Importer(815301076,1909f56bfc062723c751e8b465ee728b) [PhysX] Initialized MultithreadedTaskDispatcher with 8 workers.
[PhysX] Initialized MultithreadedTaskDispatcher with 8 workers.
 -> (artifact id: '7123e8333577f12d5bd6ed30eb90f442') in 0.022092 seconds
Number of updated asset objects reloaded before import = 0
Number of asset objects unloaded after import = 2
========================================================================
Received Import Request.
  Time since last request: 0.143295 seconds.
  path: Assets/05.Model/Jinwon_SkinVer.Textures/_21.png
  artifactKey: Guid(139d5368b1eba4b45ba640d09d9ca5b5) Importer(815301076,1909f56bfc062723c751e8b465ee728b)
Start importing Assets/05.Model/Jinwon_SkinVer.Textures/_21.png using Guid(139d5368b1eba4b45ba640d09d9ca5b5) Importer(815301076,1909f56bfc062723c751e8b465ee728b) [PhysX] Initialized MultithreadedTaskDispatcher with 8 workers.
[PhysX] Initialized MultithreadedTaskDispatcher with 8 workers.
 -> (artifact id: 'ee0a408768fd9f03a3ce7d610b175627') in 0.034571 seconds
Number of updated asset objects reloaded before import = 0
Number of asset objects unloaded after import = 2
========================================================================
Received Import Request.
  Time since last request: 0.000030 seconds.
  path: Assets/05.Model/Jinwon_SkinVer.Textures/_23.png
  artifactKey: Guid(c1afa1b8846fdc64295860c7c6fd7f6d) Importer(815301076,1909f56bfc062723c751e8b465ee728b)
Start importing Assets/05.Model/Jinwon_SkinVer.Textures/_23.png using Guid(c1afa1b8846fdc64295860c7c6fd7f6d) Importer(815301076,1909f56bfc062723c751e8b465ee728b) [PhysX] Initialized MultithreadedTaskDispatcher with 8 workers.
[PhysX] Initialized MultithreadedTaskDispatcher with 8 workers.
 -> (artifact id: 'ab7a7d7a441a6945d2aa02b0315f7edd') in 0.014482 seconds
Number of updated asset objects reloaded before import = 0
Number of asset objects unloaded after import = 2
========================================================================
Received Import Request.
  Time since last request: 0.000046 seconds.
  path: Assets/05.Model/Jinwon_SkinVer.Textures/_22.png
  artifactKey: Guid(df6da21721e7d13468c0148654a7b3cb) Importer(815301076,1909f56bfc062723c751e8b465ee728b)
Start importing Assets/05.Model/Jinwon_SkinVer.Textures/_22.png using Guid(df6da21721e7d13468c0148654a7b3cb) Importer(815301076,1909f56bfc062723c751e8b465ee728b) [PhysX] Initialized MultithreadedTaskDispatcher with 8 workers.
[PhysX] Initialized MultithreadedTaskDispatcher with 8 workers.
 -> (artifact id: 'be65986f8ccb954c3284e9bfd7e321d0') in 0.010381 seconds
Number of updated asset objects reloaded before import = 0
Number of asset objects unloaded after import = 2
========================================================================
Received Import Request.
  Time since last request: 0.217256 seconds.
  path: Assets/05.Model/Jinwon_SkinVer.Textures/_26.png
  artifactKey: Guid(5c17b1a55d622094b9f4d3e1f47e9f1f) Importer(815301076,1909f56bfc062723c751e8b465ee728b)
Start importing Assets/05.Model/Jinwon_SkinVer.Textures/_26.png using Guid(5c17b1a55d622094b9f4d3e1f47e9f1f) Importer(815301076,1909f56bfc062723c751e8b465ee728b) [PhysX] Initialized MultithreadedTaskDispatcher with 8 workers.
[PhysX] Initialized MultithreadedTaskDispatcher with 8 workers.
 -> (artifact id: 'dc5488d54885551e1eff6a2c290a9685') in 0.019689 seconds
Number of updated asset objects reloaded before import = 0
Number of asset objects unloaded after import = 2
========================================================================
Received Import Request.
  Time since last request: 0.022182 seconds.
  path: Assets/05.Model/Jinwon_SkinVer.Textures/_28.png
  artifactKey: Guid(fa71dd0a3b2e82541a3e638408a07975) Importer(815301076,1909f56bfc062723c751e8b465ee728b)
Start importing Assets/05.Model/Jinwon_SkinVer.Textures/_28.png using Guid(fa71dd0a3b2e82541a3e638408a07975) Importer(815301076,1909f56bfc062723c751e8b465ee728b) [PhysX] Initialized MultithreadedTaskDispatcher with 8 workers.
[PhysX] Initialized MultithreadedTaskDispatcher with 8 workers.
 -> (artifact id: '7764eeda1c5029106285e30bc1e7f5b1') in 0.020863 seconds
Number of updated asset objects reloaded before import = 0
Number of asset objects unloaded after import = 2
========================================================================
Received Import Request.
  Time since last request: 0.012014 seconds.
  path: Assets/05.Model/Jinwon_SkinVer.Textures/_30.png
  artifactKey: Guid(4f300204d10508c4cba6d117d4c9e771) Importer(815301076,1909f56bfc062723c751e8b465ee728b)
Start importing Assets/05.Model/Jinwon_SkinVer.Textures/_30.png using Guid(4f300204d10508c4cba6d117d4c9e771) Importer(815301076,1909f56bfc062723c751e8b465ee728b) [PhysX] Initialized MultithreadedTaskDispatcher with 8 workers.
[PhysX] Initialized MultithreadedTaskDispatcher with 8 workers.
 -> (artifact id: '205cfdc502b3e7438d93380d055a5a50') in 0.011379 seconds
Number of updated asset objects reloaded before import = 0
Number of asset objects unloaded after import = 2
========================================================================
Received Import Request.
  Time since last request: 0.000039 seconds.
  path: Assets/05.Model/Jinwon_SkinVer.Textures/_32.png
  artifactKey: Guid(c63672b5366873e4baad4cceebb9945c) Importer(815301076,1909f56bfc062723c751e8b465ee728b)
Start importing Assets/05.Model/Jinwon_SkinVer.Textures/_32.png using Guid(c63672b5366873e4baad4cceebb9945c) Importer(815301076,1909f56bfc062723c751e8b465ee728b) [PhysX] Initialized MultithreadedTaskDispatcher with 8 workers.
[PhysX] Initialized MultithreadedTaskDispatcher with 8 workers.
 -> (artifact id: '0b5443776a9b95734612703a43073037') in 0.010636 seconds
Number of updated asset objects reloaded before import = 0
Number of asset objects unloaded after import = 2
========================================================================
Received Import Request.
  Time since last request: 0.029088 seconds.
  path: Assets/05.Model/Jinwon_SkinVer.Textures/_34.png
  artifactKey: Guid(12ddec981ac46734fb33019bb2b7d43a) Importer(815301076,1909f56bfc062723c751e8b465ee728b)
Start importing Assets/05.Model/Jinwon_SkinVer.Textures/_34.png using Guid(12ddec981ac46734fb33019bb2b7d43a) Importer(815301076,1909f56bfc062723c751e8b465ee728b) [PhysX] Initialized MultithreadedTaskDispatcher with 8 workers.
[PhysX] Initialized MultithreadedTaskDispatcher with 8 workers.
 -> (artifact id: 'ae6d9bb9d5599ecc084b54468cf03d2b') in 0.022699 seconds
Number of updated asset objects reloaded before import = 0
Number of asset objects unloaded after import = 2
========================================================================
Received Import Request.
  Time since last request: 0.182468 seconds.
  path: Assets/05.Model/Jinwon_SkinVer.Textures/_36.png
  artifactKey: Guid(29f9143c29f955a44b045f7e7a9bef03) Importer(815301076,1909f56bfc062723c751e8b465ee728b)
Start importing Assets/05.Model/Jinwon_SkinVer.Textures/_36.png using Guid(29f9143c29f955a44b045f7e7a9bef03) Importer(815301076,1909f56bfc062723c751e8b465ee728b) [PhysX] Initialized MultithreadedTaskDispatcher with 8 workers.
[PhysX] Initialized MultithreadedTaskDispatcher with 8 workers.
 -> (artifact id: '55769058f43fef7ac6ec8be04024247b') in 0.012565 seconds
Number of updated asset objects reloaded before import = 0
Number of asset objects unloaded after import = 2
========================================================================
Received Import Request.
  Time since last request: 0.045869 seconds.
  path: Assets/02.Images/chat/ChatBox_Select.png
  artifactKey: Guid(4953b54904ad5e14197493eb132e406a) Importer(815301076,1909f56bfc062723c751e8b465ee728b)
Start importing Assets/02.Images/chat/ChatBox_Select.png using Guid(4953b54904ad5e14197493eb132e406a) Importer(815301076,1909f56bfc062723c751e8b465ee728b) [PhysX] Initialized MultithreadedTaskDispatcher with 8 workers.
[PhysX] Initialized MultithreadedTaskDispatcher with 8 workers.
 -> (artifact id: '126643d9f4b6a214810e2ffc774dc20f') in 0.041789 seconds
Number of updated asset objects reloaded before import = 0
Number of asset objects unloaded after import = 3
========================================================================
Received Import Request.
  Time since last request: 0.000026 seconds.
  path: Assets/02.Images/Logo_Scene/codedummy.png
  artifactKey: Guid(8a1498ba563f8184a85fb353dfa8611d) Importer(815301076,1909f56bfc062723c751e8b465ee728b)
Start importing Assets/02.Images/Logo_Scene/codedummy.png using Guid(8a1498ba563f8184a85fb353dfa8611d) Importer(815301076,1909f56bfc062723c751e8b465ee728b) [PhysX] Initialized MultithreadedTaskDispatcher with 8 workers.
[PhysX] Initialized MultithreadedTaskDispatcher with 8 workers.
 -> (artifact id: '36134f67eafe76ab7d819c9563afac3f') in 0.033346 seconds
Number of updated asset objects reloaded before import = 0
Number of asset objects unloaded after import = 3
========================================================================
Received Import Request.
  Time since last request: 0.000020 seconds.
  path: Assets/lilToon/Editor/Resources/gui_box_inner_half_dark.png
  artifactKey: Guid(a72199a4c9cc3714d8edfbc5d3b13823) Importer(815301076,1909f56bfc062723c751e8b465ee728b)
Start importing Assets/lilToon/Editor/Resources/gui_box_inner_half_dark.png using Guid(a72199a4c9cc3714d8edfbc5d3b13823) Importer(815301076,1909f56bfc062723c751e8b465ee728b) [PhysX] Initialized MultithreadedTaskDispatcher with 8 workers.
[PhysX] Initialized MultithreadedTaskDispatcher with 8 workers.
 -> (artifact id: '41bb3082d1c048f9ea3b7394d63945ef') in 0.028230 seconds
Number of updated asset objects reloaded before import = 0
Number of asset objects unloaded after import = 2
========================================================================
Received Import Request.
  Time since last request: 0.000054 seconds.
  path: Assets/lilToon/Editor/Resources/gui_box_inner_dark.png
  artifactKey: Guid(bb1313c9ea1425b41b74e98fd04bcbc8) Importer(815301076,1909f56bfc062723c751e8b465ee728b)
Start importing Assets/lilToon/Editor/Resources/gui_box_inner_dark.png using Guid(bb1313c9ea1425b41b74e98fd04bcbc8) Importer(815301076,1909f56bfc062723c751e8b465ee728b) [PhysX] Initialized MultithreadedTaskDispatcher with 8 workers.
[PhysX] Initialized MultithreadedTaskDispatcher with 8 workers.
 -> (artifact id: '7455540d0579b2f4d92b5cea290a2170') in 0.020429 seconds
Number of updated asset objects reloaded before import = 0
Number of asset objects unloaded after import = 2
========================================================================
Received Import Request.
  Time since last request: 0.000019 seconds.
  path: Assets/lilToon/Editor/Resources/gui_box_inner_light.png
  artifactKey: Guid(f18d71f528511e748887f5e246abcc16) Importer(815301076,1909f56bfc062723c751e8b465ee728b)
Start importing Assets/lilToon/Editor/Resources/gui_box_inner_light.png using Guid(f18d71f528511e748887f5e246abcc16) Importer(815301076,1909f56bfc062723c751e8b465ee728b) [PhysX] Initialized MultithreadedTaskDispatcher with 8 workers.
[PhysX] Initialized MultithreadedTaskDispatcher with 8 workers.
 -> (artifact id: '7f4390c35e285761c6fa3112e2b71725') in 0.018004 seconds
Number of updated asset objects reloaded before import = 0
Number of asset objects unloaded after import = 2
========================================================================
Received Import Request.
  Time since last request: 0.000018 seconds.
  path: Assets/lilToon/Editor/Resources/gui_box_inner_half_light.png
  artifactKey: Guid(8343038a4a0cbef4d8af45c073520436) Importer(815301076,1909f56bfc062723c751e8b465ee728b)
Start importing Assets/lilToon/Editor/Resources/gui_box_inner_half_light.png using Guid(8343038a4a0cbef4d8af45c073520436) Importer(815301076,1909f56bfc062723c751e8b465ee728b) [PhysX] Initialized MultithreadedTaskDispatcher with 8 workers.
[PhysX] Initialized MultithreadedTaskDispatcher with 8 workers.
 -> (artifact id: '600bf070f23303fb55a3ccd37a5f81a9') in 0.017265 seconds
Number of updated asset objects reloaded before import = 0
Number of asset objects unloaded after import = 2
========================================================================
Received Import Request.
  Time since last request: 0.003682 seconds.
  path: Assets/lilToon/Editor/Resources/gui_box_outer_dark.png
  artifactKey: Guid(29f3c01461cd0474eab36bf2e939bb58) Importer(815301076,1909f56bfc062723c751e8b465ee728b)
Start importing Assets/lilToon/Editor/Resources/gui_box_outer_dark.png using Guid(29f3c01461cd0474eab36bf2e939bb58) Importer(815301076,1909f56bfc062723c751e8b465ee728b) [PhysX] Initialized MultithreadedTaskDispatcher with 8 workers.
[PhysX] Initialized MultithreadedTaskDispatcher with 8 workers.
 -> (artifact id: '3016b435f8c096f7563b0c516ef89121') in 0.018315 seconds
Number of updated asset objects reloaded before import = 0
Number of asset objects unloaded after import = 2
========================================================================
Received Import Request.
  Time since last request: 0.000037 seconds.
  path: Assets/lilToon/Editor/Resources/gui_box_outer_light.png
  artifactKey: Guid(16cc103a658d8404894e66dd8f35cb77) Importer(815301076,1909f56bfc062723c751e8b465ee728b)
Start importing Assets/lilToon/Editor/Resources/gui_box_outer_light.png using Guid(16cc103a658d8404894e66dd8f35cb77) Importer(815301076,1909f56bfc062723c751e8b465ee728b) [PhysX] Initialized MultithreadedTaskDispatcher with 8 workers.
[PhysX] Initialized MultithreadedTaskDispatcher with 8 workers.
 -> (artifact id: '11b0b0c771f6f707efda6ca30d8ee700') in 0.016473 seconds
Number of updated asset objects reloaded before import = 0
Number of asset objects unloaded after import = 2
========================================================================
Received Import Request.
  Time since last request: 0.096012 seconds.
  path: Assets/lilToon/Editor/Resources/gui_custom_box_light.png
  artifactKey: Guid(a1ed8756474bfd34f80fa22e6c43b2e5) Importer(815301076,1909f56bfc062723c751e8b465ee728b)
Start importing Assets/lilToon/Editor/Resources/gui_custom_box_light.png using Guid(a1ed8756474bfd34f80fa22e6c43b2e5) Importer(815301076,1909f56bfc062723c751e8b465ee728b) [PhysX] Initialized MultithreadedTaskDispatcher with 8 workers.
[PhysX] Initialized MultithreadedTaskDispatcher with 8 workers.
 -> (artifact id: '8d1bcf95cba57dc36de61103018faa2a') in 0.016376 seconds
Number of updated asset objects reloaded before import = 0
Number of asset objects unloaded after import = 2
========================================================================
Received Import Request.
  Time since last request: 0.039072 seconds.
  path: Assets/lilToon/Texture/lil_bayer_4x4.png
  artifactKey: Guid(5bf614e5cd085334fb250d85ecf4add8) Importer(815301076,1909f56bfc062723c751e8b465ee728b)
Start importing Assets/lilToon/Texture/lil_bayer_4x4.png using Guid(5bf614e5cd085334fb250d85ecf4add8) Importer(815301076,1909f56bfc062723c751e8b465ee728b) [PhysX] Initialized MultithreadedTaskDispatcher with 8 workers.
[PhysX] Initialized MultithreadedTaskDispatcher with 8 workers.
 -> (artifact id: 'bf521dc3b55bbc81f260f9b9a379ebcc') in 0.018638 seconds
Number of updated asset objects reloaded before import = 0
Number of asset objects unloaded after import = 2
========================================================================
Received Import Request.
  Time since last request: 0.024578 seconds.
  path: Assets/lilToon/Texture/lil_bayer_16x16.png
  artifactKey: Guid(f6af462667a53734aa2bdb88cd28773e) Importer(815301076,1909f56bfc062723c751e8b465ee728b)
Start importing Assets/lilToon/Texture/lil_bayer_16x16.png using Guid(f6af462667a53734aa2bdb88cd28773e) Importer(815301076,1909f56bfc062723c751e8b465ee728b) [PhysX] Initialized MultithreadedTaskDispatcher with 8 workers.
[PhysX] Initialized MultithreadedTaskDispatcher with 8 workers.
 -> (artifact id: '64c4aa87bbcdc0a814994ad4f65c9ce0') in 0.021692 seconds
Number of updated asset objects reloaded before import = 0
Number of asset objects unloaded after import = 2
========================================================================
Received Import Request.
  Time since last request: 0.221797 seconds.
  path: Assets/lilToon/Texture/lil_noise_1d.png
  artifactKey: Guid(5e5f849189d66b1448d63883a5f9195a) Importer(815301076,1909f56bfc062723c751e8b465ee728b)
Start importing Assets/lilToon/Texture/lil_noise_1d.png using Guid(5e5f849189d66b1448d63883a5f9195a) Importer(815301076,1909f56bfc062723c751e8b465ee728b) [PhysX] Initialized MultithreadedTaskDispatcher with 8 workers.
[PhysX] Initialized MultithreadedTaskDispatcher with 8 workers.
 -> (artifact id: '8ff9ebbf8a6f571f2140f8e83ea3b944') in 0.024624 seconds
Number of updated asset objects reloaded before import = 0
Number of asset objects unloaded after import = 2
========================================================================
Received Import Request.
  Time since last request: 0.017911 seconds.
  path: Assets/lilToon/Texture/lil_noise_fur_2.png
  artifactKey: Guid(8a7dbcb2f4a32ec4297486403aee5f74) Importer(815301076,1909f56bfc062723c751e8b465ee728b)
Start importing Assets/lilToon/Texture/lil_noise_fur_2.png using Guid(8a7dbcb2f4a32ec4297486403aee5f74) Importer(815301076,1909f56bfc062723c751e8b465ee728b) [PhysX] Initialized MultithreadedTaskDispatcher with 8 workers.
[PhysX] Initialized MultithreadedTaskDispatcher with 8 workers.
 -> (artifact id: '80d8e73ca05c1d0556a65b1fd1119249') in 0.017163 seconds
Number of updated asset objects reloaded before import = 0
Number of asset objects unloaded after import = 2
========================================================================
Received Import Request.
  Time since last request: 0.015901 seconds.
  path: Assets/lilToon/Texture/lil_shape_snowflakes.png
  artifactKey: Guid(7d5796044ffe6f84a89374673b9dfd78) Importer(815301076,1909f56bfc062723c751e8b465ee728b)
Start importing Assets/lilToon/Texture/lil_shape_snowflakes.png using Guid(7d5796044ffe6f84a89374673b9dfd78) Importer(815301076,1909f56bfc062723c751e8b465ee728b) [PhysX] Initialized MultithreadedTaskDispatcher with 8 workers.
[PhysX] Initialized MultithreadedTaskDispatcher with 8 workers.
 -> (artifact id: 'a20e8b733273e168ba0d8b4779befd16') in 0.023278 seconds
Number of updated asset objects reloaded before import = 0
Number of asset objects unloaded after import = 2
========================================================================
Received Import Request.
  Time since last request: 0.083309 seconds.
  path: Assets/lilToon/Texture/lil_tangent.png
  artifactKey: Guid(8704ec8533a146d4daf20c45658e92ab) Importer(815301076,1909f56bfc062723c751e8b465ee728b)
Start importing Assets/lilToon/Texture/lil_tangent.png using Guid(8704ec8533a146d4daf20c45658e92ab) Importer(815301076,1909f56bfc062723c751e8b465ee728b) [PhysX] Initialized MultithreadedTaskDispatcher with 8 workers.
[PhysX] Initialized MultithreadedTaskDispatcher with 8 workers.
 -> (artifact id: '42f12bd109a0546c67d17e5b8445e2d8') in 0.018973 seconds
Number of updated asset objects reloaded before import = 0
Number of asset objects unloaded after import = 2
========================================================================
Received Import Request.
  Time since last request: 0.475634 seconds.
  path: Assets/UniGLTF/Runtime/Scenes/LookDev/cubemap/lilienstein_1k.exr
  artifactKey: Guid(eaa0683a2f7e00340b3560fd1e46bc73) Importer(815301076,1909f56bfc062723c751e8b465ee728b)
Start importing Assets/UniGLTF/Runtime/Scenes/LookDev/cubemap/lilienstein_1k.exr using Guid(eaa0683a2f7e00340b3560fd1e46bc73) Importer(815301076,1909f56bfc062723c751e8b465ee728b) [PhysX] Initialized MultithreadedTaskDispatcher with 8 workers.
[PhysX] Initialized MultithreadedTaskDispatcher with 8 workers.
[PhysX] Initialized MultithreadedTaskDispatcher with 8 workers.
 -> (artifact id: '9291967cc7bc35b69e1a7861e92917d2') in 0.497167 seconds
Number of updated asset objects reloaded before import = 0
Number of asset objects unloaded after import = 20
========================================================================
Received Import Request.
  Time since last request: 0.000050 seconds.
  path: Assets/02.Images/Logo_Scene/MenuImage.png
  artifactKey: Guid(46d0824cdc0e06a47a62abb9fac932cc) Importer(815301076,1909f56bfc062723c751e8b465ee728b)
Start importing Assets/02.Images/Logo_Scene/MenuImage.png using Guid(46d0824cdc0e06a47a62abb9fac932cc) Importer(815301076,1909f56bfc062723c751e8b465ee728b) [PhysX] Initialized MultithreadedTaskDispatcher with 8 workers.
[PhysX] Initialized MultithreadedTaskDispatcher with 8 workers.
 -> (artifact id: '1babe3d2e231964748447f60417c692a') in 0.029163 seconds
Number of updated asset objects reloaded before import = 0
Number of asset objects unloaded after import = 3
========================================================================
Received Import Request.
  Time since last request: 0.000047 seconds.
  path: Assets/UniGLTF/Runtime/Scenes/LookDev/cubemap/moonless_golf_1k.exr
  artifactKey: Guid(dea35129ed799314ebfe4b3cc8fa7ec9) Importer(815301076,1909f56bfc062723c751e8b465ee728b)
Start importing Assets/UniGLTF/Runtime/Scenes/LookDev/cubemap/moonless_golf_1k.exr using Guid(dea35129ed799314ebfe4b3cc8fa7ec9) Importer(815301076,1909f56bfc062723c751e8b465ee728b) [PhysX] Initialized MultithreadedTaskDispatcher with 8 workers.
[PhysX] Initialized MultithreadedTaskDispatcher with 8 workers.
[PhysX] Initialized MultithreadedTaskDispatcher with 8 workers.
 -> (artifact id: 'e0284f4ec7fd34cdc8637a2fe972d41f') in 0.075643 seconds
Number of updated asset objects reloaded before import = 0
Number of asset objects unloaded after import = 2
========================================================================
Received Import Request.
  Time since last request: 0.000036 seconds.
  path: Assets/05.Model/Jinwon_SkinVer.Textures/N00_000_Hair_00_nml_01.png
  artifactKey: Guid(ac634d7b8341e304ebeb0f083e52b217) Importer(815301076,1909f56bfc062723c751e8b465ee728b)
Start importing Assets/05.Model/Jinwon_SkinVer.Textures/N00_000_Hair_00_nml_01.png using Guid(ac634d7b8341e304ebeb0f083e52b217) Importer(815301076,1909f56bfc062723c751e8b465ee728b) [PhysX] Initialized MultithreadedTaskDispatcher with 8 workers.
[PhysX] Initialized MultithreadedTaskDispatcher with 8 workers.
 -> (artifact id: 'e9d97528f78e745296270ebfae961a1b') in 0.011348 seconds
Number of updated asset objects reloaded before import = 0
Number of asset objects unloaded after import = 2
========================================================================
Received Import Request.
  Time since last request: 0.399562 seconds.
  path: Assets/05.Model/Jinwon_SkinVer.Textures/N00_000_Hair_00_nml_06.png
  artifactKey: Guid(5389e76fb3b291b419fcaa931930178f) Importer(815301076,1909f56bfc062723c751e8b465ee728b)
Start importing Assets/05.Model/Jinwon_SkinVer.Textures/N00_000_Hair_00_nml_06.png using Guid(5389e76fb3b291b419fcaa931930178f) Importer(815301076,1909f56bfc062723c751e8b465ee728b) [PhysX] Initialized MultithreadedTaskDispatcher with 8 workers.
[PhysX] Initialized MultithreadedTaskDispatcher with 8 workers.
 -> (artifact id: 'f8ceff8e050a692605fcb38672744e11') in 0.012170 seconds
Number of updated asset objects reloaded before import = 0
Number of asset objects unloaded after import = 2
========================================================================
Received Import Request.
  Time since last request: 0.149973 seconds.
  path: Assets/05.Model/Jinwon_SkinVer.Textures/N00_000_Hair_00_nml_08.png
  artifactKey: Guid(2052a288a0676a94c93d0bdd7985fbb5) Importer(815301076,1909f56bfc062723c751e8b465ee728b)
Start importing Assets/05.Model/Jinwon_SkinVer.Textures/N00_000_Hair_00_nml_08.png using Guid(2052a288a0676a94c93d0bdd7985fbb5) Importer(815301076,1909f56bfc062723c751e8b465ee728b) [PhysX] Initialized MultithreadedTaskDispatcher with 8 workers.
[PhysX] Initialized MultithreadedTaskDispatcher with 8 workers.
 -> (artifact id: '9e236f249cb7236df954f5e4bc26cd6a') in 0.017468 seconds
Number of updated asset objects reloaded before import = 0
Number of asset objects unloaded after import = 2
========================================================================
Received Import Request.
  Time since last request: 0.000041 seconds.
  path: Assets/05.Model/Jinwon_SkinVer.Textures/Shader_NoneBlack.png
  artifactKey: Guid(aa806039fcdc4ca4597ef57e3e30f9a2) Importer(815301076,1909f56bfc062723c751e8b465ee728b)
Start importing Assets/05.Model/Jinwon_SkinVer.Textures/Shader_NoneBlack.png using Guid(aa806039fcdc4ca4597ef57e3e30f9a2) Importer(815301076,1909f56bfc062723c751e8b465ee728b) [PhysX] Initialized MultithreadedTaskDispatcher with 8 workers.
[PhysX] Initialized MultithreadedTaskDispatcher with 8 workers.
 -> (artifact id: 'c9818fdb395e7404cffc38301af0b928') in 0.019768 seconds
Number of updated asset objects reloaded before import = 0
Number of asset objects unloaded after import = 2
========================================================================
Received Import Request.
  Time since last request: 0.333635 seconds.
  path: Assets/05.Model/Jinwon_SkinVer.Textures/Thumbnail.png
  artifactKey: Guid(15f9c368d94a2d7439723fd9b4b764f1) Importer(815301076,1909f56bfc062723c751e8b465ee728b)
Start importing Assets/05.Model/Jinwon_SkinVer.Textures/Thumbnail.png using Guid(15f9c368d94a2d7439723fd9b4b764f1) Importer(815301076,1909f56bfc062723c751e8b465ee728b) [PhysX] Initialized MultithreadedTaskDispatcher with 8 workers.
[PhysX] Initialized MultithreadedTaskDispatcher with 8 workers.
 -> (artifact id: '86c2d1fcb421ea6a5e24e6ec413fd44e') in 0.097683 seconds
Number of updated asset objects reloaded before import = 0
Number of asset objects unloaded after import = 2
========================================================================
Received Import Request.
  Time since last request: 0.032257 seconds.
  path: Assets/02.Images/Window_UI_Icon/Window_FireWall.png
  artifactKey: Guid(c7ba996d65d6e4e408507059c57fcbb9) Importer(815301076,1909f56bfc062723c751e8b465ee728b)
Start importing Assets/02.Images/Window_UI_Icon/Window_FireWall.png using Guid(c7ba996d65d6e4e408507059c57fcbb9) Importer(815301076,1909f56bfc062723c751e8b465ee728b) [PhysX] Initialized MultithreadedTaskDispatcher with 8 workers.
[PhysX] Initialized MultithreadedTaskDispatcher with 8 workers.
 -> (artifact id: '3c0e7c5ad791f3723e7440f976c948aa') in 0.030066 seconds
Number of updated asset objects reloaded before import = 0
Number of asset objects unloaded after import = 3
========================================================================
Received Import Request.
  Time since last request: 0.203477 seconds.
  path: Assets/02.Images/Window_ToolBar.png
  artifactKey: Guid(5835e227d10c0ff4c8a0f921652c4ba6) Importer(815301076,1909f56bfc062723c751e8b465ee728b)
Start importing Assets/02.Images/Window_ToolBar.png using Guid(5835e227d10c0ff4c8a0f921652c4ba6) Importer(815301076,1909f56bfc062723c751e8b465ee728b) [PhysX] Initialized MultithreadedTaskDispatcher with 8 workers.
[PhysX] Initialized MultithreadedTaskDispatcher with 8 workers.
 -> (artifact id: 'c14f6f7de002f3dda0783059a17c26e8') in 0.023497 seconds
Number of updated asset objects reloaded before import = 0
Number of asset objects unloaded after import = 3
========================================================================
Received Import Request.
  Time since last request: 0.484954 seconds.
  path: Assets/02.Images/chat/ .png
  artifactKey: Guid(a061b6c3a7af9704f8b84b93e034b842) Importer(815301076,1909f56bfc062723c751e8b465ee728b)
Start importing Assets/02.Images/chat/ .png using Guid(a061b6c3a7af9704f8b84b93e034b842) Importer(815301076,1909f56bfc062723c751e8b465ee728b) [PhysX] Initialized MultithreadedTaskDispatcher with 8 workers.
[PhysX] Initialized MultithreadedTaskDispatcher with 8 workers.
 -> (artifact id: 'fbeaf2a4c3db0d629310488a448fcdc7') in 0.039520 seconds
Number of updated asset objects reloaded before import = 0
Number of asset objects unloaded after import = 3
========================================================================
Received Import Request.
  Time since last request: 0.000034 seconds.
  path: Assets/02.Images/chat/ 1.png
  artifactKey: Guid(92f40964d7c6cd14fbd8b5796c724a0a) Importer(815301076,1909f56bfc062723c751e8b465ee728b)
Start importing Assets/02.Images/chat/ 1.png using Guid(92f40964d7c6cd14fbd8b5796c724a0a) Importer(815301076,1909f56bfc062723c751e8b465ee728b) [PhysX] Initialized MultithreadedTaskDispatcher with 8 workers.
[PhysX] Initialized MultithreadedTaskDispatcher with 8 workers.
 -> (artifact id: '19d1e776f2b17d21200d43da4628b902') in 0.022417 seconds
Number of updated asset objects reloaded before import = 0
Number of asset objects unloaded after import = 3
========================================================================
Received Prepare
Refreshing native plugins compatible for Editor in 7.97 ms, found 3 plugins.
Preloading 0 native plugins for Editor in 0.00 ms.
Unloading 43 Unused Serialized files (Serialized files now loaded: 0)
Unloading 43 unused Assets / (13.8 MB). Loaded Objects now: 7048.
Memory consumption went from 160.6 MB to 146.7 MB.
Total: 12.598300 ms (FindLiveObjects: 0.875800 ms CreateObjectMapping: 0.652300 ms MarkObjects: 4.849200 ms  DeleteObjects: 6.219700 ms)

Prepare: number of updated asset objects reloaded= 1
AssetImportParameters requested are different than current active one (requested -> active):
  custom:container-demuxer-ogg: 62fdf1f143b41e24485cea50d1cbac27 -> 
  custom:framework-win-MediaFoundation: 216162199b28c13a410421893ffa2e32 -> 
  custom:container-muxer-webm: aa71ff27fc2769a1b78a27578f13a17b -> 
  custom:video-decoder-webm-vp8: 9c59270c3fd7afecdb556c50c9e8de78 -> 
  custom:SearchIndexIgnoredProperties: e643bd26f0fe6173181afceb89e7c659 -> 
  custom:AudioImporter_EditorPlatform: d09bf68614088b80899f8185d706f6e7 -> 
  custom:audio-decoder-ogg-vorbis: bf7c407c2cedff20999df2af8eb42d56 -> 
  custom:audio-encoder-webm-vorbis: bf7c407c2cedff20999df2af8eb42d56 -> 
  custom:video-decoder-ogg-theora: a1e56fd34408186e4bbccfd4996cb3dc -> 
  custom:CustomObjectIndexerAttribute: 72b91833f83ae208fae7752999fa3104 -> 
  custom:container-demuxer-webm: 4f35f7cbe854078d1ac9338744f61a02 -> 
  custom:video-encoder-webm-vp8: eb34c28f22e8b96e1ab97ce403110664 -> 
========================================================================
Received Prepare
Caller must complete domain reload
Begin MonoManager ReloadAssembly
- Loaded All Assemblies, in  1.568 seconds
Native extension for WindowsStandalone target not found
[Package Manager] Server::EnsureServerProcessIsRunning -- launch failed, reason: Unity was launched with the -noUpm command-line argument
[Package Manager] UpmClient::Send -- Unable to send message (not connected to UPM process).
[Package Manager] Cannot connect to Unity Package Manager local server
Mono: successfully reloaded assembly
- Finished resetting the current domain, in  2.687 seconds
Domain Reload Profiling: 4235ms
	BeginReloadAssembly (456ms)
		ExecutionOrderSort (0ms)
		DisableScriptedObjects (23ms)
		BackupInstance (0ms)
		ReleaseScriptingObjects (0ms)
		CreateAndSetChildDomain (82ms)
	RebuildCommonClasses (118ms)
	RebuildNativeTypeToScriptingClass (30ms)
	initialDomainReloadingComplete (128ms)
	LoadAllAssembliesAndSetupDomain (815ms)
		LoadAssemblies (995ms)
		RebuildTransferFunctionScriptingTraits (0ms)
		AnalyzeDomain (95ms)
			TypeCache.Refresh (17ms)
				TypeCache.ScanAssembly (0ms)
			ScanForSourceGeneratedMonoScriptInfo (46ms)
			ResolveRequiredComponents (28ms)
	FinalizeReload (2688ms)
		ReleaseScriptCaches (0ms)
		RebuildScriptCaches (0ms)
		SetupLoadedEditorAssemblies (951ms)
			LogAssemblyErrors (0ms)
			InitializePlatformSupportModulesInManaged (17ms)
			SetLoadedEditorAssemblies (7ms)
			RefreshPlugins (0ms)
			BeforeProcessingInitializeOnLoad (168ms)
			ProcessInitializeOnLoadAttributes (630ms)
			ProcessInitializeOnLoadMethodAttributes (103ms)
			AfterProcessingInitializeOnLoad (26ms)
			EditorAssembliesLoaded (0ms)
		ExecutionOrderSort2 (0ms)
		AwakeInstancesAfterBackupRestoration (31ms)
Refreshing native plugins compatible for Editor in 10.53 ms, found 3 plugins.
Preloading 0 native plugins for Editor in 0.00 ms.
Unloading 6224 Unused Serialized files (Serialized files now loaded: 0)
Unloading 63 unused Assets / (13.4 MB). Loaded Objects now: 7018.
Memory consumption went from 255.9 MB to 242.5 MB.
Total: 15.353500 ms (FindLiveObjects: 0.762900 ms CreateObjectMapping: 0.714900 ms MarkObjects: 5.469800 ms  DeleteObjects: 8.404400 ms)

Prepare: number of updated asset objects reloaded= 1
AssetImportParameters requested are different than current active one (requested -> active):
  custom:container-demuxer-ogg: 62fdf1f143b41e24485cea50d1cbac27 -> 
  custom:framework-win-MediaFoundation: 216162199b28c13a410421893ffa2e32 -> 
  custom:container-muxer-webm: aa71ff27fc2769a1b78a27578f13a17b -> 
  custom:video-decoder-webm-vp8: 9c59270c3fd7afecdb556c50c9e8de78 -> 
  custom:SearchIndexIgnoredProperties: e643bd26f0fe6173181afceb89e7c659 -> 
  custom:AudioImporter_EditorPlatform: d09bf68614088b80899f8185d706f6e7 -> 
  custom:audio-decoder-ogg-vorbis: bf7c407c2cedff20999df2af8eb42d56 -> 
  custom:audio-encoder-webm-vorbis: bf7c407c2cedff20999df2af8eb42d56 -> 
  custom:video-decoder-ogg-theora: a1e56fd34408186e4bbccfd4996cb3dc -> 
  custom:CustomObjectIndexerAttribute: 72b91833f83ae208fae7752999fa3104 -> 
  custom:container-demuxer-webm: 4f35f7cbe854078d1ac9338744f61a02 -> 
  custom:video-encoder-webm-vp8: eb34c28f22e8b96e1ab97ce403110664 -> 
========================================================================
Received Prepare
Refreshing native plugins compatible for Editor in 7.94 ms, found 3 plugins.
Preloading 0 native plugins for Editor in 0.00 ms.
Unloading 43 Unused Serialized files (Serialized files now loaded: 0)
Unloading 43 unused Assets / (13.8 MB). Loaded Objects now: 7018.
Memory consumption went from 160.6 MB to 146.7 MB.
Total: 10.331100 ms (FindLiveObjects: 0.561300 ms CreateObjectMapping: 0.733300 ms MarkObjects: 3.000000 ms  DeleteObjects: 6.035300 ms)

Prepare: number of updated asset objects reloaded= 1
AssetImportParameters requested are different than current active one (requested -> active):
  custom:container-demuxer-ogg: 62fdf1f143b41e24485cea50d1cbac27 -> 
  custom:framework-win-MediaFoundation: 216162199b28c13a410421893ffa2e32 -> 
  custom:container-muxer-webm: aa71ff27fc2769a1b78a27578f13a17b -> 
  custom:video-decoder-webm-vp8: 9c59270c3fd7afecdb556c50c9e8de78 -> 
  custom:SearchIndexIgnoredProperties: e643bd26f0fe6173181afceb89e7c659 -> 
  custom:AudioImporter_EditorPlatform: d09bf68614088b80899f8185d706f6e7 -> 
  custom:audio-decoder-ogg-vorbis: bf7c407c2cedff20999df2af8eb42d56 -> 
  custom:audio-encoder-webm-vorbis: bf7c407c2cedff20999df2af8eb42d56 -> 
  custom:video-decoder-ogg-theora: a1e56fd34408186e4bbccfd4996cb3dc -> 
  custom:CustomObjectIndexerAttribute: 72b91833f83ae208fae7752999fa3104 -> 
  custom:container-demuxer-webm: 4f35f7cbe854078d1ac9338744f61a02 -> 
  custom:video-encoder-webm-vp8: eb34c28f22e8b96e1ab97ce403110664 -> 
